
ROM used: 4713 (58%)
          5624 (69%) including unused fragments

          2 Average locations per line
          13 Average locations per statement

RAM used: 77 (21%) at main() level
          133 (36%) worst case

Stack used: 8 worst case (out of 8 total available)

Lines Stmts  %   Files
----- ----- ---  -----
  130    44  13  main.c
   34     0   0  system.h
  326     0   0  ..\..\..\..\..\..\..\Program Files (x86)\PICC\devices\16f877a.h
  348    67  19  ..\..\..\..\..\..\..\Program Files (x86)\PICC\drivers\LCD.c
   56     0   0  mensajes.h
   10     0   0  mensajes.c
  409     0   0  ..\..\..\..\..\..\..\Program Files (x86)\PICC\drivers\string.h
   28     0   0  ..\..\..\..\..\..\..\Program Files (x86)\PICC\drivers\stddef.h
   28     0   0  ..\..\..\..\..\..\..\Program Files (x86)\PICC\drivers\ctype.h
   13     0   0  drv_lcd.h
   20     6   2  drv_lcd.c
   93     0   0  drv_gpio.h
  434   213  61  drv_gpio.c
   51     0   0  drv_esp8266.h
  163     0   0  ..\..\..\..\..\..\..\Program Files (x86)\PICC\drivers\stdint.h
   37     0   0  ..\..\..\..\..\..\..\Program Files (x86)\PICC\drivers\stdio.h
   41    20   6  drv_esp8266.c
----- -----
 2221   350 Total

Page ROM  %  RAM   Vol Diff  Functions:
---- --- --- ---   --- ----  ----------
0     21   0   1             @delay_ms1
0      8   0   0             @const79
 Inline        3   587  6.0  lcd_read_byte
 Inline        0    59  4.2  lcd_read_nibble
 Inline        1   172  3.4  lcd_send_nibble
0    104   2   3   317  4.3  lcd_send_byte
 Inline        2   624  5.8  lcd_init
 Inline        4   186  5.5  lcd_gotoxy
0     65   1   1   272  4.1  lcd_putc
0     32   1   1    70  1.5  drv_lcd_show
0     10   0   0             @const197
0     86   2   3             @PSTRINGC7_96
0      7   0   0             @const199
1     16   0   1   204  4.8  drv_gpio_adc_select
0      9   0   0             @const279
0     97   2   4             @PSTRINGCN7_96
0      9   0   0             @const288
1     63   1   4   292  3.3  drv_gpio_adc_read
0      8   0   0   292  3.3  @const293
0     31   1   2   218  2.9  @ITOF
0    204   4  14             @DIVFF
0    119   3  13             @MULFF
 Inline        5             @FTOSD
0     68   1  13             @DIV3232
0    247   5  13             @PRINTF_L32D_96FPFPF
0      8   0   0             @const310
2   1518  32   5  1333  5.3  drv_gpio_adc_show
0     10   0   0             @const311
0     10   0   0  1219  5.2  @const312
0      9   0   0             @const313
0      8   0   0             @const314
0     10   0   0             @const315
0      9   0   0             @const316
2     10   0   0             @goto10765
 Inline        1   486  4.3  drv_rpm_int_ext
0    373   8   4   889  6.7  drv_rpm_capture
 Inline        4   486  4.3  @SFTOI
 Inline        5   889  6.7  @MUL1616
 Inline        2    98  2.0  drv_rpm_show
0    132   3   9    98  2.0  @PRINTF_LD_96
0      9   0   0             @const326
0    103   2   9             @PRINTF_LU_96
1    142   3   4  1297  4.4  drv_gpio_alarmas
0      8   0   0             @const329
0      9   0   0  1297  4.4  @const330
0      8   0   0             @const331
0      8   0   0             @const332
0      8   0   0             @const333
1     71   2   1   307  3.1  drv_gpio_modo
0      9   0   0             @const334
0      8   0   0   307  3.1  @const335
0      9   0   0             @const336
0      7   0   0             @const337
1     24   1   2   151  3.1  drv_gpio_arranque
 Inline        0    30  1.3  drv_gpio_arranque_P_on
 Inline        0    30  1.3  drv_gpio_arranque_P_off
 Inline        0    30  1.3  drv_gpio_arranque_A_on
 Inline        0    30  1.3  drv_gpio_solenoide_on
 Inline        0    30  1.3  drv_gpio_transfer_on
1     34   1   0   181  3.5  drv_gpio_generador_activo
1     16   0   0    78  2.5  drv_activar_transfer
1    211   4   1   461  1.4  drv_esp8266_init
0      4   0   0     5  1.0  @const357
1     72   2   3    88  2.4  @PSTRINGC7_9600_62_63
0      7   0   0    88  2.4  @const359
0     14   0   0     5  1.0  @const360
0      7   0   0   530  4.7  @const361
0      8   0   0   328  2.3  @const362
0     21   0   0             @const363
0     14   0   0             @const364
0      7   0   0             @const365
0     11   0   0             @const366
0      7   0   0             @const367
1    223   5   1    88  2.4  RB0_ISR
0      4   0   0     5  1.0  timer1_isr
1    134   3   1   530  4.7  MAIN
1    139   3   0   328  2.3  main_config

Program metrics:
    Functions               43
    Statements              350
    Comments                478
    Volume (V)              28090
    Difficilty (D)          140.7
    Effort to implement (E) 3951901
    Time to implement (T)   60 hours, 59 minutes
    Est Delivered Bugs (B)  8
    Cyclomatic Complexity   75
    Maintainability (MI)    58

 Segment     Used  Free
-----------  ----  ----
00000-00003     4  0  
00004-00037    52  0  
00038-007FF  1984  8  
00800-00FFF  1145  903  
01000-017FF  1528  520  
01800-01FFF     0  2048  



